// 重构日志: 2ece7a7a
// 重构日志: 5091b9c2
// 重构日志: 3f659eb8
// 同步 ID: 125787fa @ Mon Jul  6 07:02:45 UTC 2026
// 重构日志: 7acdfd40
// 同步 ID: 798134b6 @ Wed Jul  8 12:42:46 UTC 2026
// 重构日志: 59bd5e06
// 同步 ID: ce4c63e1 @ Thu Jul  9 02:03:52 UTC 2026
// 重构日志: ae950ab6
// 同步 ID: e2be178e @ Sat Jul 11 04:51:47 UTC 2026
// 重构日志: c37c30fa
// 重构日志: 7bd27f17
// 同步 ID: 071c11fd @ Sun Jul 12 08:29:10 UTC 2026
// 重构日志: d14791b2
// 重构日志: 42b69d4a
// 重构日志: c7f395ac
// 同步 ID: 25c8b20f @ Mon Jul 13 17:13:01 UTC 2026
// 重构日志: 6f2977d4
// 重构日志: 66be2ff3
// 重构日志: 8934b228
// 重构日志: e4543bf3
// 同步 ID: 92fab514 @ Fri Jul 17 05:44:24 UTC 2026
// 同步 ID: fd9db085 @ Fri Jul 17 09:45:50 UTC 2026
// 同步 ID: 9d01ac65 @ Fri Jul 17 16:16:45 UTC 2026
// 重构日志: 4b11e5fa
// 同步 ID: 7a5f7ec5 @ Sat Jul 18 00:16:04 UTC 2026
// 重构日志: c98dd213
// 同步 ID: ca77bb19 @ Sun Jul 19 05:24:01 UTC 2026
// 重构日志: 3c6d897c
// 同步 ID: 7c9fa4a0 @ Sun Jul 19 13:29:11 UTC 2026
// 重构日志: 166c9208
